<?xml version="1.0" encoding="UTF-8"?>
<testng-results skipped="0" failed="0" ignored="0" total="1" passed="1">
  <reporter-output>
  </reporter-output>
  <suite name="Hotel Website Data Driven Framework" duration-ms="17995" started-at="2020-11-05T00:59:20Z" finished-at="2020-11-05T00:59:38Z">
    <groups>
    </groups>
    <test name="Login to Hotel Page Dashboard" duration-ms="17995" started-at="2020-11-05T00:59:20Z" finished-at="2020-11-05T00:59:38Z">
      <class name="tests.LoginTest">
        <test-method status="PASS" signature="beforeMethod()[pri:0, instance:tests.LoginTest@2de8284b]" name="beforeMethod" is-config="true" duration-ms="14430" started-at="2020-11-05T00:59:20Z" finished-at="2020-11-05T00:59:35Z">
          <reporter-output>
          </reporter-output>
        </test-method> <!-- beforeMethod -->
        <test-method status="PASS" signature="loginToHotel(java.lang.String, java.lang.String)[pri:0, instance:tests.LoginTest@2de8284b]" name="loginToHotel" duration-ms="2877" started-at="2020-11-05T00:59:35Z" finished-at="2020-11-05T00:59:38Z">
          <params>
            <param index="0">
              <value>
                <![CDATA[student@test.com]]>
              </value>
            </param>
            <param index="1">
              <value>
                <![CDATA[welcome1]]>
              </value>
            </param>
          </params>
          <reporter-output>
          </reporter-output>
        </test-method> <!-- loginToHotel -->
        <test-method status="PASS" signature="afterMethod()[pri:0, instance:tests.LoginTest@2de8284b]" name="afterMethod" is-config="true" duration-ms="655" started-at="2020-11-05T00:59:38Z" finished-at="2020-11-05T00:59:38Z">
          <reporter-output>
          </reporter-output>
        </test-method> <!-- afterMethod -->
      </class> <!-- tests.LoginTest -->
    </test> <!-- Login to Hotel Page Dashboard -->
  </suite> <!-- Hotel Website Data Driven Framework -->
</testng-results>
